mmap(NULL, 8192, PROT_READ|PROT_WRITE, MAP_PRIVATE|MAP_ANONYMOUS, -1, 0) = 0x7fe322081000
openat(AT_FDCWD, "/etc/ld.so.cache", O_RDONLY|O_CLOEXEC) = 3
mmap(NULL, 59551, PROT_READ, MAP_PRIVATE, 3, 0) = 0x7fe322072000
openat(AT_FDCWD, "/lib/x86_64-linux-gnu/libc.so.6", O_RDONLY|O_CLOEXEC) = 3
read(3, "\177ELF\2\1\1\3\0\0\0\0\0\0\0\0\3\0>\0\1\0\0\0P\237\2\0\0\0\0\0"..., 832) = 832
mmap(NULL, 2260560, PROT_READ, MAP_PRIVATE|MAP_DENYWRITE, 3, 0) = 0x7fe321e00000
mmap(0x7fe321e28000, 1658880, PROT_READ|PROT_EXEC, MAP_PRIVATE|MAP_FIXED|MAP_DENYWRITE, 3, 0x28000) = 0x7fe321e28000
mmap(0x7fe321fbd000, 360448, PROT_READ, MAP_PRIVATE|MAP_FIXED|MAP_DENYWRITE, 3, 0x1bd000) = 0x7fe321fbd000
mmap(0x7fe322015000, 24576, PROT_READ|PROT_WRITE, MAP_PRIVATE|MAP_FIXED|MAP_DENYWRITE, 3, 0x214000) = 0x7fe322015000
mmap(0x7fe32201b000, 52816, PROT_READ|PROT_WRITE, MAP_PRIVATE|MAP_FIXED|MAP_ANONYMOUS, -1, 0) = 0x7fe32201b000
mmap(NULL, 12288, PROT_READ|PROT_WRITE, MAP_PRIVATE|MAP_ANONYMOUS, -1, 0) = 0x7fe32206f000
openat(AT_FDCWD, "REQ_PIPE_68812", O_RDONLY) = 3
openat(AT_FDCWD, "RESP_PIPE_68812", O_WRONLY) = 4
read(3, "C", 1)                         = 1
read(3, "R", 1)                         = 1
read(3, "E", 1)                         = 1
read(3, "A", 1)                         = 1
read(3, "T", 1)                         = 1
read(3, "E", 1)                         = 1
read(3, "_", 1)                         = 1
read(3, "S", 1)                         = 1
read(3, "H", 1)                         = 1
read(3, "M", 1)                         = 1
read(3, "!", 1)                         = 1
read(3, "_o3\0", 4)                     = 4
openat(AT_FDCWD, "/dev/shm/AnYQM3", O_RDWR|O_CREAT|O_NOFOLLOW|O_CLOEXEC, 0664) = 5
mmap(NULL, 3370847, PROT_READ|PROT_WRITE, MAP_SHARED, 5, 0) = 0x7fe321ac9000
read(3, "M", 1)                         = 1
read(3, "A", 1)                         = 1
read(3, "P", 1)                         = 1
read(3, "_", 1)                         = 1
read(3, "F", 1)                         = 1
read(3, "I", 1)                         = 1
read(3, "L", 1)                         = 1
read(3, "E", 1)                         = 1
read(3, "!", 1)                         = 1
read(3, "t", 1)                         = 1
read(3, "e", 1)                         = 1
read(3, "s", 1)                         = 1
read(3, "t", 1)                         = 1
read(3, "_", 1)                         = 1
read(3, "r", 1)                         = 1
read(3, "o", 1)                         = 1
read(3, "o", 1)                         = 1
read(3, "t", 1)                         = 1
read(3, "/", 1)                         = 1
read(3, "r", 1)                         = 1
read(3, "m", 1)                         = 1
read(3, "5", 1)                         = 1
read(3, "g", 1)                         = 1
read(3, "P", 1)                         = 1
read(3, "F", 1)                         = 1
read(3, "f", 1)                         = 1
read(3, "6", 1)                         = 1
read(3, "w", 1)                         = 1
read(3, "6", 1)                         = 1
read(3, ".", 1)                         = 1
read(3, "4", 1)                         = 1
read(3, "6", 1)                         = 1
read(3, "q", 1)                         = 1
read(3, "!", 1)                         = 1
openat(AT_FDCWD, "test_root/rm5gPFf6w6.46q", O_RDONLY) = 6
mmap(NULL, 40306, PROT_READ, MAP_SHARED, 6, 0) = 0x7fe322077000
read(3, "R", 1)                         = 1
read(3, "E", 1)                         = 1
read(3, "A", 1)                         = 1
read(3, "D", 1)                         = 1
read(3, "_", 1)                         = 1
read(3, "F", 1)                         = 1
+++ exited with 0 +++
